<?xml version="1.0" encoding="UTF-8"?>
<!-- Generated by org.testng.reporters.JUnitXMLReporter -->
<testsuite ignored="0" hostname="LAPTOP-13M4B933" failures="0" tests="4" name="Default test" time="1.768" errors="0" timestamp="2025-06-22T16:06:24 IST">
  <testcase classname="practice.api.rest1.Test25WeatherApi" name="WeatherReq25" time="0.52"/>
  <testcase classname="practice.api.rest1.Test25WeatherApi" name="WeatherGet25" time="0.956"/>
  <testcase classname="practice.api.rest1.Test25WeatherApi" name="WeatherRes25" time="0.002"/>
  <testcase classname="practice.api.rest1.Test25WeatherApi" name="WeatherDes25" time="0.243"/>
</testsuite> <!-- Default test -->
