<?xml version="1.0" encoding="UTF-8"?>
<testng-results ignored="0" total="4" passed="4" failed="0" skipped="0">
  <reporter-output>
  </reporter-output>
  <suite started-at="2025-06-22T16:06:23 IST" name="Default suite" finished-at="2025-06-22T16:06:24 IST" duration-ms="1768">
    <groups>
    </groups>
    <test started-at="2025-06-22T16:06:23 IST" name="Default test" finished-at="2025-06-22T16:06:24 IST" duration-ms="1768">
      <class name="practice.api.rest1.Test25WeatherApi">
        <test-method signature="WeatherReq25()[pri:1, instance:practice.api.rest1.Test25WeatherApi@4229bb3f]" started-at="2025-06-22T16:06:23 IST" name="WeatherReq25" finished-at="2025-06-22T16:06:23 IST" duration-ms="520" status="PASS">
          <reporter-output>
          </reporter-output>
        </test-method> <!-- WeatherReq25 -->
        <test-method signature="WeatherGet25()[pri:2, instance:practice.api.rest1.Test25WeatherApi@4229bb3f]" started-at="2025-06-22T16:06:23 IST" name="WeatherGet25" finished-at="2025-06-22T16:06:24 IST" duration-ms="956" status="PASS">
          <reporter-output>
          </reporter-output>
        </test-method> <!-- WeatherGet25 -->
        <test-method signature="WeatherRes25()[pri:3, instance:practice.api.rest1.Test25WeatherApi@4229bb3f]" started-at="2025-06-22T16:06:24 IST" name="WeatherRes25" finished-at="2025-06-22T16:06:24 IST" duration-ms="2" status="PASS">
          <reporter-output>
          </reporter-output>
        </test-method> <!-- WeatherRes25 -->
        <test-method signature="WeatherDes25()[pri:4, instance:practice.api.rest1.Test25WeatherApi@4229bb3f]" started-at="2025-06-22T16:06:24 IST" name="WeatherDes25" finished-at="2025-06-22T16:06:24 IST" duration-ms="243" status="PASS">
          <reporter-output>
          </reporter-output>
        </test-method> <!-- WeatherDes25 -->
      </class> <!-- practice.api.rest1.Test25WeatherApi -->
    </test> <!-- Default test -->
  </suite> <!-- Default suite -->
</testng-results>
