<?xml version="1.0" encoding="UTF-8"?>
<!-- Generated by org.testng.reporters.JUnitXMLReporter -->
<testsuite ignored="1" hostname="LAPTOP-13M4B933" failures="0" tests="3" name="Api_Test_Suite1" time="3.377" errors="0" timestamp="2025-05-21T08:59:44 IST">
  <testcase classname="practice.api.rest1.Practice_API" name="RequestC2" time="0.867"/>
  <testcase classname="practice.api.rest1.Practice_API" name="SubmitR" time="2.381"/>
  <testcase classname="practice.api.rest1.Practice_API" name="ResponseG" time="0.053"/>
  <testcase classname="practice.api.rest1.Practice_API" name="RequestC1" time="0.0">
    <ignored/>
  </testcase> <!-- RequestC1 -->
</testsuite> <!-- Api_Test_Suite1 -->
