<?xml version="1.0" encoding="UTF-8"?>
<!-- Generated by org.testng.reporters.JUnitXMLReporter -->
<testsuite ignored="3" hostname="LAPTOP-13M4B933" failures="0" tests="4" name="Auto_Test" time="1.937" errors="0" timestamp="2025-02-24T05:27:52 IST">
  <testcase classname="practice.api.rest.APi4" name="Req2" time="0.616"/>
  <testcase classname="practice.api.rest.APi4" name="Subm2" time="0.966"/>
  <testcase classname="practice.api.rest.APi4" name="Dser1" time="0.29"/>
  <testcase classname="practice.api.rest.APi4" name="Res1" time="0.003"/>
  <testcase classname="practice.api.rest.APi4" name="Subm1" time="0.0">
    <ignored/>
  </testcase> <!-- Subm1 -->
  <testcase classname="practice.api.rest.APi4" name="Ser1" time="0.0">
    <ignored/>
  </testcase> <!-- Ser1 -->
  <testcase classname="practice.api.rest.APi4" name="Req1" time="0.0">
    <ignored/>
  </testcase> <!-- Req1 -->
</testsuite> <!-- Auto_Test -->
