<?xml version="1.0" encoding="UTF-8"?>
<!-- Generated by org.testng.reporters.JUnitXMLReporter -->
<testsuite ignored="4" hostname="LAPTOP-13M4B933" failures="0" tests="3" name="SIT" time="3.028" errors="0" timestamp="2025-06-19T21:10:26 IST">
  <testcase classname="practice.api.rest1.Testing1" name="ReqP1" time="0.75"/>
  <testcase classname="practice.api.rest1.Testing1" name="SubPost1" time="1.935"/>
  <testcase classname="practice.api.rest1.Testing1" name="ResT1" time="0.03"/>
  <testcase classname="practice.api.rest1.Testing1" name="ReqS1" time="0.0">
    <ignored/>
  </testcase> <!-- ReqS1 -->
  <testcase classname="practice.api.rest1.Testing1" name="ReqF1" time="0.0">
    <ignored/>
  </testcase> <!-- ReqF1 -->
  <testcase classname="practice.api.rest1.Testing1" name="ReqH1" time="0.0">
    <ignored/>
  </testcase> <!-- ReqH1 -->
  <testcase classname="practice.api.rest1.Testing1" name="SubGet1" time="0.0">
    <ignored/>
  </testcase> <!-- SubGet1 -->
</testsuite> <!-- SIT -->
